<?xml version="1.0" encoding="UTF-8"?>
<!-- Generated by org.testng.reporters.JUnitReportReporter -->
<testsuite hostname="DESKTOP-VF72VUR" failures="0" tests="1" name="finfBrokenImagesTest.BrokenImagesTest" time="1.157" errors="0" timestamp="2020-08-18T15:25:51 CDT" skipped="0">
  <testcase classname="finfBrokenImagesTest.BrokenImagesTest" name="testBrokenImages" time="1.157"/>
  <system-out/>
</testsuite> <!-- finfBrokenImagesTest.BrokenImagesTest -->
