<?xml version="1.0" encoding="UTF-8"?>
<!-- Generated by org.testng.reporters.JUnitReportReporter -->
<testsuite hostname="DESKTOP-VF72VUR" failures="0" tests="1" name="addRemoveElementTest.AddRemoveElementTest" time="1.013" errors="0" timestamp="2020-08-18T15:25:51 CDT" skipped="0">
  <testcase classname="addRemoveElementTest.AddRemoveElementTest" name="testAddRemoveElement" time="1.013"/>
  <system-out/>
</testsuite> <!-- addRemoveElementTest.AddRemoveElementTest -->
