<?xml version="1.0" encoding="UTF-8"?>
<!-- Generated by org.testng.reporters.JUnitReportReporter -->
<testsuite hostname="DESKTOP-VF72VUR" failures="0" tests="1" name="basicAutoTest.BasicAuthTest" time="0.789" errors="0" timestamp="2020-08-18T15:25:51 CDT" skipped="0">
  <testcase classname="basicAutoTest.BasicAuthTest" name="testBasicAuth" time="0.789"/>
  <system-out/>
</testsuite> <!-- basicAutoTest.BasicAuthTest -->
