<?xml version="1.0" encoding="UTF-8"?>
<!-- Generated by org.testng.reporters.JUnitReportReporter -->
<testsuite hostname="DESKTOP-VF72VUR" failures="0" tests="8" name="challengingDomTest.ChallengingDomTest" time="9.019" errors="0" timestamp="2020-08-18T15:25:51 CDT" skipped="0">
  <testcase classname="challengingDomTest.ChallengingDomTest" name="challengingDomTest_clickMiddleButton" time="1.006"/>
  <system-out/>
  <testcase classname="challengingDomTest.ChallengingDomTest" name="challengingDomTest_clickTopButton" time="1.981"/>
  <system-out/>
  <testcase classname="challengingDomTest.ChallengingDomTest" name="challengingDomTest_clickBottomButton" time="1.245"/>
  <system-out/>
  <testcase classname="challengingDomTest.ChallengingDomTest" name="challengingDomTest_getDolor4" time="0.704"/>
  <system-out/>
  <testcase classname="challengingDomTest.ChallengingDomTest" name="challengingDomTest_getLorem2" time="0.467"/>
  <system-out/>
  <testcase classname="challengingDomTest.ChallengingDomTest" name="challengingDomTest_findCanvas" time="0.813"/>
  <system-out/>
  <testcase classname="challengingDomTest.ChallengingDomTest" name="challengingDomTest_getLorem1" time="2.209"/>
  <system-out/>
  <testcase classname="challengingDomTest.ChallengingDomTest" name="challengingDomTest_getDolor5" time="0.594"/>
  <system-out/>
</testsuite> <!-- challengingDomTest.ChallengingDomTest -->
