<?xml version="1.0" encoding="UTF-8"?>
<!-- Generated by org.testng.reporters.JUnitReportReporter -->
<testsuite hostname="DESKTOP-VF72VUR" failures="0" tests="1" name="abTest.ABTest" time="0.614" errors="0" timestamp="2020-08-18T15:25:51 CDT" skipped="0">
  <testcase classname="abTest.ABTest" name="testABTest" time="0.614"/>
  <system-out/>
</testsuite> <!-- abTest.ABTest -->
